<?xml version="1.0" encoding="UTF-8"?>
<coverage generated="1547316109815" clover="3.2.0">
  <project timestamp="1547316109816" name="All files">
    <metrics statements="18" coveredstatements="15" conditionals="2" coveredconditionals="1" methods="6" coveredmethods="4" elements="26" coveredelements="20" complexity="0" loc="18" ncloc="18" packages="2" files="2" classes="2">
      <package name="client.src">
        <metrics statements="10" coveredstatements="7" conditionals="2" coveredconditionals="1" methods="6" coveredmethods="4"/>
        <file name="App.js" path="/Users/joeboulos/Documents/javascript/joes-services-proxy/Schedule/client/src/App.js">
          <metrics statements="10" coveredstatements="7" conditionals="2" coveredconditionals="1" methods="6" coveredmethods="4"/>
          <line num="9" count="5" type="stmt"/>
          <line num="10" count="5" type="stmt"/>
          <line num="19" count="7" type="stmt"/>
          <line num="29" count="0" type="stmt"/>
          <line num="30" count="0" type="stmt"/>
          <line num="35" count="0" type="stmt"/>
          <line num="40" count="6" type="stmt"/>
          <line num="41" count="6" type="cond" truecount="1" falsecount="1"/>
          <line num="42" count="6" type="stmt"/>
          <line num="71" count="5" type="stmt"/>
        </file>
      </package>
      <package name="test">
        <metrics statements="8" coveredstatements="8" conditionals="0" coveredconditionals="0" methods="0" coveredmethods="0"/>
        <file name="setup.js" path="/Users/joeboulos/Documents/javascript/joes-services-proxy/Schedule/test/setup.js">
          <metrics statements="8" coveredstatements="8" conditionals="0" coveredconditionals="0" methods="0" coveredmethods="0"/>
          <line num="11" count="1" type="stmt"/>
          <line num="12" count="1" type="stmt"/>
          <line num="14" count="1" type="stmt"/>
          <line num="15" count="1" type="stmt"/>
          <line num="16" count="1" type="stmt"/>
          <line num="17" count="1" type="stmt"/>
          <line num="18" count="1" type="stmt"/>
          <line num="19" count="1" type="stmt"/>
        </file>
      </package>
    </metrics>
  </project>
</coverage>
