{"/Users/joeboulos/Documents/javascript/joes-services-proxy/Schedule/client/src/App.js": {"path":"/Users/joeboulos/Documents/javascript/joes-services-proxy/Schedule/client/src/App.js","statementMap":{"0":{"start":{"line":9,"column":4},"end":{"line":9,"column":17}},"1":{"start":{"line":10,"column":4},"end":{"line":14,"column":6}},"2":{"start":{"line":19,"column":4},"end":{"line":36,"column":9}},"3":{"start":{"line":29,"column":21},"end":{"line":29,"column":29}},"4":{"start":{"line":30,"column":8},"end":{"line":32,"column":11}},"5":{"start":{"line":35,"column":8},"end":{"line":35,"column":25}},"6":{"start":{"line":40,"column":31},"end":{"line":40,"column":41}},"7":{"start":{"line":41,"column":4},"end":{"line":49,"column":5}},"8":{"start":{"line":42,"column":6},"end":{"line":48,"column":8}},"9":{"start":{"line":71,"column":4},"end":{"line":75,"column":6}}},"fnMap":{"0":{"name":"(anonymous_0)","decl":{"start":{"line":8,"column":2},"end":{"line":8,"column":3}},"loc":{"start":{"line":8,"column":21},"end":{"line":15,"column":3}},"line":8},"1":{"name":"(anonymous_1)","decl":{"start":{"line":17,"column":2},"end":{"line":17,"column":3}},"loc":{"start":{"line":17,"column":22},"end":{"line":37,"column":3}},"line":17},"2":{"name":"(anonymous_2)","decl":{"start":{"line":27,"column":12},"end":{"line":27,"column":13}},"loc":{"start":{"line":27,"column":21},"end":{"line":33,"column":7}},"line":27},"3":{"name":"(anonymous_3)","decl":{"start":{"line":34,"column":13},"end":{"line":34,"column":14}},"loc":{"start":{"line":34,"column":22},"end":{"line":36,"column":7}},"line":34},"4":{"name":"(anonymous_4)","decl":{"start":{"line":39,"column":2},"end":{"line":39,"column":3}},"loc":{"start":{"line":39,"column":15},"end":{"line":68,"column":3}},"line":39},"5":{"name":"(anonymous_5)","decl":{"start":{"line":70,"column":2},"end":{"line":70,"column":3}},"loc":{"start":{"line":70,"column":11},"end":{"line":76,"column":3}},"line":70}},"branchMap":{"0":{"loc":{"start":{"line":41,"column":4},"end":{"line":49,"column":5}},"type":"if","locations":[{"start":{"line":41,"column":4},"end":{"line":49,"column":5}},{"start":{"line":41,"column":4},"end":{"line":49,"column":5}}],"line":41}},"s":{"0":5,"1":5,"2":7,"3":0,"4":0,"5":0,"6":6,"7":6,"8":6,"9":5},"f":{"0":5,"1":7,"2":0,"3":0,"4":6,"5":5},"b":{"0":[6,0]},"_coverageSchema":"332fd63041d2c1bcb487cc26dd0d5f7d97098a6c","hash":"ac2a8607deafed8cdebc4bed86780b8f129c9522"}
,"/Users/joeboulos/Documents/javascript/joes-services-proxy/Schedule/test/setup.js": {"path":"/Users/joeboulos/Documents/javascript/joes-services-proxy/Schedule/test/setup.js","statementMap":{"0":{"start":{"line":11,"column":0},"end":{"line":11,"column":65}},"1":{"start":{"line":12,"column":0},"end":{"line":12,"column":38}},"2":{"start":{"line":14,"column":0},"end":{"line":14,"column":21}},"3":{"start":{"line":15,"column":0},"end":{"line":15,"column":21}},"4":{"start":{"line":16,"column":0},"end":{"line":16,"column":21}},"5":{"start":{"line":17,"column":0},"end":{"line":17,"column":23}},"6":{"start":{"line":18,"column":0},"end":{"line":18,"column":25}},"7":{"start":{"line":19,"column":0},"end":{"line":19,"column":21}}},"fnMap":{},"branchMap":{},"s":{"0":1,"1":1,"2":1,"3":1,"4":1,"5":1,"6":1,"7":1},"f":{},"b":{},"_coverageSchema":"332fd63041d2c1bcb487cc26dd0d5f7d97098a6c","hash":"a0244c62d8884853e1b3bbd933e498c7bcfd5078"}
}
