{"/Users/joeboulos/Documents/javascript/joes-services-proxy/SidebarSchedule/client/src/App.js": {"path":"/Users/joeboulos/Documents/javascript/joes-services-proxy/SidebarSchedule/client/src/App.js","statementMap":{"0":{"start":{"line":9,"column":4},"end":{"line":9,"column":17}},"1":{"start":{"line":10,"column":4},"end":{"line":13,"column":6}},"2":{"start":{"line":18,"column":4},"end":{"line":35,"column":9}},"3":{"start":{"line":28,"column":21},"end":{"line":28,"column":29}},"4":{"start":{"line":29,"column":8},"end":{"line":31,"column":11}},"5":{"start":{"line":34,"column":8},"end":{"line":34,"column":25}},"6":{"start":{"line":39,"column":31},"end":{"line":39,"column":41}},"7":{"start":{"line":40,"column":4},"end":{"line":48,"column":5}},"8":{"start":{"line":41,"column":6},"end":{"line":47,"column":8}},"9":{"start":{"line":52,"column":4},"end":{"line":56,"column":6}}},"fnMap":{"0":{"name":"(anonymous_0)","decl":{"start":{"line":8,"column":2},"end":{"line":8,"column":3}},"loc":{"start":{"line":8,"column":21},"end":{"line":14,"column":3}},"line":8},"1":{"name":"(anonymous_1)","decl":{"start":{"line":16,"column":2},"end":{"line":16,"column":3}},"loc":{"start":{"line":16,"column":22},"end":{"line":36,"column":3}},"line":16},"2":{"name":"(anonymous_2)","decl":{"start":{"line":26,"column":12},"end":{"line":26,"column":13}},"loc":{"start":{"line":26,"column":21},"end":{"line":32,"column":7}},"line":26},"3":{"name":"(anonymous_3)","decl":{"start":{"line":33,"column":13},"end":{"line":33,"column":14}},"loc":{"start":{"line":33,"column":22},"end":{"line":35,"column":7}},"line":33},"4":{"name":"(anonymous_4)","decl":{"start":{"line":38,"column":2},"end":{"line":38,"column":3}},"loc":{"start":{"line":38,"column":15},"end":{"line":49,"column":3}},"line":38},"5":{"name":"(anonymous_5)","decl":{"start":{"line":51,"column":2},"end":{"line":51,"column":3}},"loc":{"start":{"line":51,"column":11},"end":{"line":57,"column":3}},"line":51}},"branchMap":{"0":{"loc":{"start":{"line":40,"column":4},"end":{"line":48,"column":5}},"type":"if","locations":[{"start":{"line":40,"column":4},"end":{"line":48,"column":5}},{"start":{"line":40,"column":4},"end":{"line":48,"column":5}}],"line":40}},"s":{"0":5,"1":5,"2":7,"3":0,"4":0,"5":0,"6":6,"7":6,"8":6,"9":5},"f":{"0":5,"1":7,"2":0,"3":0,"4":6,"5":5},"b":{"0":[6,0]},"_coverageSchema":"332fd63041d2c1bcb487cc26dd0d5f7d97098a6c","hash":"2c232c78b9ffff4305569ffc0009997eb0427c3f"}
,"/Users/joeboulos/Documents/javascript/joes-services-proxy/SidebarSchedule/test/setup.js": {"path":"/Users/joeboulos/Documents/javascript/joes-services-proxy/SidebarSchedule/test/setup.js","statementMap":{"0":{"start":{"line":11,"column":0},"end":{"line":11,"column":65}},"1":{"start":{"line":12,"column":0},"end":{"line":12,"column":38}},"2":{"start":{"line":14,"column":0},"end":{"line":14,"column":21}},"3":{"start":{"line":15,"column":0},"end":{"line":15,"column":21}},"4":{"start":{"line":16,"column":0},"end":{"line":16,"column":21}},"5":{"start":{"line":17,"column":0},"end":{"line":17,"column":23}},"6":{"start":{"line":18,"column":0},"end":{"line":18,"column":25}},"7":{"start":{"line":19,"column":0},"end":{"line":19,"column":21}}},"fnMap":{},"branchMap":{},"s":{"0":1,"1":1,"2":1,"3":1,"4":1,"5":1,"6":1,"7":1},"f":{},"b":{},"_coverageSchema":"332fd63041d2c1bcb487cc26dd0d5f7d97098a6c","hash":"6800121397641bb83a0f2f341c7a4e66b71d932f"}
}
