TN:
SF:/Users/joeboulos/Documents/javascript/joes-services-proxy/SidebarSchedule/client/src/App.js
FN:8,(anonymous_0)
FN:16,(anonymous_1)
FN:26,(anonymous_2)
FN:33,(anonymous_3)
FN:38,(anonymous_4)
FN:51,(anonymous_5)
FNF:6
FNH:4
FNDA:5,(anonymous_0)
FNDA:7,(anonymous_1)
FNDA:0,(anonymous_2)
FNDA:0,(anonymous_3)
FNDA:6,(anonymous_4)
FNDA:5,(anonymous_5)
DA:9,5
DA:10,5
DA:18,7
DA:28,0
DA:29,0
DA:34,0
DA:39,6
DA:40,6
DA:41,6
DA:52,5
LF:10
LH:7
BRDA:40,0,0,6
BRDA:40,0,1,0
BRF:2
BRH:1
end_of_record
TN:
SF:/Users/joeboulos/Documents/javascript/joes-services-proxy/SidebarSchedule/test/setup.js
FNF:0
FNH:0
DA:11,1
DA:12,1
DA:14,1
DA:15,1
DA:16,1
DA:17,1
DA:18,1
DA:19,1
LF:8
LH:8
BRF:0
BRH:0
end_of_record
